<?xml version="1.0" encoding="UTF-8"?>
<!-- Generated by org.testng.reporters.JUnitXMLReporter -->
<testsuite ignored="0" hostname="jose-payyappilly" failures="0" tests="3" name="Default test" time="7.991" errors="0" timestamp="16 Dec 2018 09:57:39 GMT">
  <testcase classname="testClass" name="testSeleniumDriver" time="7.941"/>
  <testcase classname="testClass" name="testmethod" time="0.003"/>
  <testcase classname="testClass" name="testmethod2" time="0.003"/>
</testsuite> <!-- Default test -->
